<?xml version="1.0" encoding="UTF-8"?>
<testng-results ignored="0" total="2" passed="2" failed="0" skipped="0">
  <reporter-output>
  </reporter-output>
  <suite started-at="2024-01-13T11:18:32 IST" name="Suite" finished-at="2024-01-13T11:18:52 IST" duration-ms="20026">
    <groups>
    </groups>
    <test started-at="2024-01-13T11:18:32 IST" name="Test" finished-at="2024-01-13T11:18:52 IST" duration-ms="20026">
      <class name="com.SwagLabs.TestCases.OverviewPageTest">
        <test-method is-config="true" signature="reports()[pri:0, instance:com.SwagLabs.TestCases.OverviewPageTest@3d74bf60]" started-at="2024-01-13T11:18:32 IST" name="reports" finished-at="2024-01-13T11:18:32 IST" duration-ms="285" status="PASS">
          <reporter-output>
          </reporter-output>
        </test-method> <!-- reports -->
        <test-method is-config="true" signature="setup()[pri:0, instance:com.SwagLabs.TestCases.OverviewPageTest@3d74bf60]" started-at="2024-01-13T11:18:32 IST" name="setup" finished-at="2024-01-13T11:18:37 IST" duration-ms="4595" status="PASS">
          <reporter-output>
          </reporter-output>
        </test-method> <!-- setup -->
        <test-method is-config="true" signature="pageSetup()[pri:0, instance:com.SwagLabs.TestCases.OverviewPageTest@3d74bf60]" started-at="2024-01-13T11:18:37 IST" name="pageSetup" finished-at="2024-01-13T11:18:52 IST" duration-ms="14788" status="PASS">
          <reporter-output>
          </reporter-output>
        </test-method> <!-- pageSetup -->
        <test-method signature="verifySummary()[pri:1, instance:com.SwagLabs.TestCases.OverviewPageTest@3d74bf60]" started-at="2024-01-13T11:18:52 IST" name="verifySummary" finished-at="2024-01-13T11:18:52 IST" duration-ms="293" status="PASS">
          <reporter-output>
          </reporter-output>
        </test-method> <!-- verifySummary -->
        <test-method signature="verifyoverview()[pri:2, instance:com.SwagLabs.TestCases.OverviewPageTest@3d74bf60]" started-at="2024-01-13T11:18:52 IST" name="verifyoverview" finished-at="2024-01-13T11:18:52 IST" duration-ms="306" status="PASS">
          <reporter-output>
          </reporter-output>
        </test-method> <!-- verifyoverview -->
        <test-method is-config="true" signature="exitReport()[pri:0, instance:com.SwagLabs.TestCases.OverviewPageTest@3d74bf60]" started-at="2024-01-13T11:18:52 IST" name="exitReport" finished-at="2024-01-13T11:18:53 IST" duration-ms="492" status="PASS">
          <reporter-output>
          </reporter-output>
        </test-method> <!-- exitReport -->
      </class> <!-- com.SwagLabs.TestCases.OverviewPageTest -->
    </test> <!-- Test -->
  </suite> <!-- Suite -->
</testng-results>
