<?xml version="1.0" encoding="UTF-8"?>
<testsuite xmlns:xsi="http://www.w3.org/2001/XMLSchema-instance" xsi:noNamespaceSchemaLocation="https://maven.apache.org/surefire/maven-surefire-plugin/xsd/surefire-test-report-3.0.xsd" version="3.0" name="TestSuite" time="21.496" tests="2" errors="0" skipped="0" failures="0">
  <properties>
[...]
</properties>
  <testcase name="verifySummary" classname="com.SwagLabs.TestCases.OverviewPageTest" time="0.292">
    <system-out><![CDATA[Product names are
Sauce Labs Backpack
Sauce Labs Bike Light
Sauce Labs Bolt T-Shirt
Sauce Labs Fleece Jacket
Sauce Labs Onesie
Test.allTheThings() T-Shirt (Red)
product added to cart Sauce Labs Bolt T-Shirt
Cart Page is open
****CartPage Open********
Selected product is removed
Inventory page open:Select Product
product added to cart Sauce Labs Backpack
Cart Page is open
CheckOutPage is open
Overview Page is open
Overview Page open
Payment Information
SauceCard #31337
Shipping Information
Free Pony Express Delivery!
Price Total
Item total: $45.98
Tax: $3.68
Total: $49.66
]]></system-out>
    <system-err><![CDATA[SLF4J: Failed to load class "org.slf4j.impl.StaticLoggerBinder".
SLF4J: Defaulting to no-operation (NOP) logger implementation
SLF4J: See http://www.slf4j.org/codes.html#StaticLoggerBinder for further details.
]]></system-err>
  </testcase>
  <testcase name="verifyoverview" classname="com.SwagLabs.TestCases.OverviewPageTest" time="0.306">
    <system-out><![CDATA[Final status isThank you for your order!
]]></system-out>
  </testcase>
</testsuite>