<?xml version="1.0" encoding="UTF-8"?>
<testng-results ignored="0" total="2" passed="2" failed="0" skipped="0">
  <reporter-output>
  </reporter-output>
  <suite started-at="2024-01-08T17:44:55 IST" name="Suite" finished-at="2024-01-08T17:45:24 IST" duration-ms="29271">
    <groups>
    </groups>
    <test started-at="2024-01-08T17:44:55 IST" name="Test" finished-at="2024-01-08T17:45:24 IST" duration-ms="29271">
      <class name="com.SwagLabs.TestCases.OverviewPageTest">
        <test-method is-config="true" signature="reports()[pri:0, instance:com.SwagLabs.TestCases.OverviewPageTest@36902638]" started-at="2024-01-08T17:44:54 IST" name="reports" finished-at="2024-01-08T17:44:55 IST" duration-ms="364" status="PASS">
          <reporter-output>
          </reporter-output>
        </test-method> <!-- reports -->
        <test-method is-config="true" signature="setup()[pri:0, instance:com.SwagLabs.TestCases.OverviewPageTest@36902638]" started-at="2024-01-08T17:44:55 IST" name="setup" finished-at="2024-01-08T17:45:08 IST" duration-ms="13626" status="PASS">
          <reporter-output>
          </reporter-output>
        </test-method> <!-- setup -->
        <test-method is-config="true" signature="pageSetup()[pri:0, instance:com.SwagLabs.TestCases.OverviewPageTest@36902638]" started-at="2024-01-08T17:45:08 IST" name="pageSetup" finished-at="2024-01-08T17:45:23 IST" duration-ms="15039" status="PASS">
          <reporter-output>
          </reporter-output>
        </test-method> <!-- pageSetup -->
        <test-method signature="verifySummary()[pri:1, instance:com.SwagLabs.TestCases.OverviewPageTest@36902638]" started-at="2024-01-08T17:45:23 IST" name="verifySummary" finished-at="2024-01-08T17:45:24 IST" duration-ms="285" status="PASS">
          <reporter-output>
          </reporter-output>
        </test-method> <!-- verifySummary -->
        <test-method signature="verifyoverview()[pri:2, instance:com.SwagLabs.TestCases.OverviewPageTest@36902638]" started-at="2024-01-08T17:45:24 IST" name="verifyoverview" finished-at="2024-01-08T17:45:24 IST" duration-ms="283" status="PASS">
          <reporter-output>
          </reporter-output>
        </test-method> <!-- verifyoverview -->
        <test-method is-config="true" signature="exitReport()[pri:0, instance:com.SwagLabs.TestCases.OverviewPageTest@36902638]" started-at="2024-01-08T17:45:24 IST" name="exitReport" finished-at="2024-01-08T17:45:24 IST" duration-ms="369" status="PASS">
          <reporter-output>
          </reporter-output>
        </test-method> <!-- exitReport -->
      </class> <!-- com.SwagLabs.TestCases.OverviewPageTest -->
    </test> <!-- Test -->
  </suite> <!-- Suite -->
</testng-results>
